INFO: [SIM 2] *************** CSIM start ***************
INFO: [SIM 4] CSIM will launch GCC as the compiler.
   Compiling ../../../Lenet5.cpp in debug mode
   Generating csim.exe
input:========= 
dim:0
1 2 
3 4 
dim:1
5 6 
7 8 
conv:========== 
dim:0
-6 -8 
-10 -12 
dim:1
6 8 
10 12 
relu:========== 
dim:0
0 0 
0 0 
dim:1
6 8 
10 12 
fc:============ 
dim:0
-36 0 
0 0 
dim:1
36 0 
0 0 
output2:======= 
dim:0
5.38019e-32 0 0 
0 0 0 
0 0 0 
dim:1
1 0 0 
0 0 0 
0 0 0 
dim:2
0 0 0 
0 0 0 
0 0 0 
INFO: [SIM 1] CSim done with 0 errors.
INFO: [SIM 3] *************** CSIM finish ***************
