

================================================================
== Vivado HLS Report for 'softmax'
================================================================
* Date:           Mon Jan  7 16:14:06 2019

* Version:        2018.2 (Build 2258646 on Thu Jun 14 20:25:20 MDT 2018)
* Project:        CNN
* Solution:       solution1
* Product family: zynq
* Target device:  xc7z020clg484-1


================================================================
== Performance Estimates
================================================================
+ Timing (ns): 
    * Summary: 
    +--------+-------+----------+------------+
    |  Clock | Target| Estimated| Uncertainty|
    +--------+-------+----------+------------+
    |ap_clk  |  10.00|     8.419|        1.25|
    +--------+-------+----------+------------+

+ Latency (clock cycles): 
    * Summary: 
    +-----+-----+-----+-----+---------+
    |  Latency  |  Interval | Pipeline|
    | min | max | min | max |   Type  |
    +-----+-----+-----+-----+---------+
    |   87|   87|   87|   87|   none  |
    +-----+-----+-----+-----+---------+

    + Detail: 
        * Instance: 
        +-----------------------+------------+-----+-----+-----+-----+----------+
        |                       |            |  Latency  |  Interval | Pipeline |
        |        Instance       |   Module   | min | max | min | max |   Type   |
        +-----------------------+------------+-----+-----+-----+-----+----------+
        |grp_exp_16_8_s_fu_126  |exp_16_8_s  |    5|    5|    1|    1| function |
        +-----------------------+------------+-----+-----+-----+-----+----------+

        * Loop: 
        +----------+-----+-----+----------+-----------+-----------+------+----------+
        |          |  Latency  | Iteration|  Initiation Interval  | Trip |          |
        | Loop Name| min | max |  Latency |  achieved |   target  | Count| Pipelined|
        +----------+-----+-----+----------+-----------+-----------+------+----------+
        |- Loop 1  |    2|    2|         1|          -|          -|     2|    no    |
        |- Loop 2  |   14|   14|         7|          -|          -|     2|    no    |
        |- Loop 3  |   68|   68|        34|          -|          -|     2|    no    |
        +----------+-----+-----+----------+-----------+-----------+------+----------+



================================================================
== Utilization Estimates
================================================================
* Summary: 
+-----------------+---------+-------+--------+-------+
|       Name      | BRAM_18K| DSP48E|   FF   |  LUT  |
+-----------------+---------+-------+--------+-------+
|DSP              |        -|      -|       -|      -|
|Expression       |        -|      -|       0|    235|
|FIFO             |        -|      -|       -|      -|
|Instance         |        0|      2|     761|    588|
|Memory           |        -|      -|       -|      -|
|Multiplexer      |        -|      -|       -|    271|
|Register         |        -|      -|     191|      -|
+-----------------+---------+-------+--------+-------+
|Total            |        0|      2|     952|   1094|
+-----------------+---------+-------+--------+-------+
|Available        |      280|    220|  106400|  53200|
+-----------------+---------+-------+--------+-------+
|Utilization (%)  |        0|   ~0  |   ~0   |      2|
+-----------------+---------+-------+--------+-------+

+ Detail: 
    * Instance: 
    +--------------------------+----------------------+---------+-------+-----+-----+
    |         Instance         |        Module        | BRAM_18K| DSP48E|  FF | LUT |
    +--------------------------+----------------------+---------+-------+-----+-----+
    |Lenet_sdiv_24ns_1ibs_U27  |Lenet_sdiv_24ns_1ibs  |        0|      0|  299|  181|
    |grp_exp_16_8_s_fu_126     |exp_16_8_s            |        0|      2|  462|  407|
    +--------------------------+----------------------+---------+-------+-----+-----+
    |Total                     |                      |        0|      2|  761|  588|
    +--------------------------+----------------------+---------+-------+-----+-----+

    * DSP48: 
    N/A

    * Memory: 
    N/A

    * FIFO: 
    N/A

    * Expression: 
    +----------------------------------+----------+-------+---+----+------------+------------+
    |           Variable Name          | Operation| DSP48E| FF| LUT| Bitwidth P0| Bitwidth P1|
    +----------------------------------+----------+-------+---+----+------------+------------+
    |filter_1_fu_179_p2                |     +    |      0|  0|  10|           2|           1|
    |filter_2_fu_218_p2                |     +    |      0|  0|  10|           2|           1|
    |filter_fu_143_p2                  |     +    |      0|  0|  10|           2|           1|
    |sum_exp_z_V_fu_206_p2             |     +    |      0|  0|  23|          16|          16|
    |in_V_1_fu_234_p2                  |     -    |      0|  0|  23|          16|          16|
    |in_V_fu_199_p2                    |     -    |      0|  0|  23|          16|          16|
    |exitcond5_fu_137_p2               |   icmp   |      0|  0|   9|           2|           3|
    |exitcond6_fu_173_p2               |   icmp   |      0|  0|   9|           2|           3|
    |exitcond_fu_212_p2                |   icmp   |      0|  0|   9|           2|           3|
    |tmp_s_fu_159_p2                   |   icmp   |      0|  0|  13|          16|          16|
    |classifier_y_hat_dat_3_fu_269_p3  |  select  |      0|  0|  16|           1|          16|
    |classifier_y_hat_dat_4_fu_276_p3  |  select  |      0|  0|  16|           1|          16|
    |max_value_V_1_phi_s_fu_165_p3     |  select  |      0|  0|  16|           1|          16|
    |max_value_V_fu_153_p3             |  select  |      0|  0|  16|           1|          16|
    |p_Val2_4_fu_228_p3                |  select  |      0|  0|  16|           1|          16|
    |p_Val2_s_fu_193_p3                |  select  |      0|  0|  16|           1|          16|
    +----------------------------------+----------+-------+---+----+------------+------------+
    |Total                             |          |      0|  0| 235|          82|         172|
    +----------------------------------+----------+-------+---+----+------------+------------+

    * Multiplexer: 
    +---------------------------+-----+-----------+-----+-----------+
    |            Name           | LUT | Input Size| Bits| Total Bits|
    +---------------------------+-----+-----------+-----+-----------+
    |ap_NS_fsm                  |  193|         44|    1|         44|
    |ap_return_0                |    9|          2|   16|         32|
    |ap_return_1                |    9|          2|   16|         32|
    |grp_exp_16_8_s_fu_126_x_V  |   15|          3|   16|         48|
    |p_Val2_1_reg_46            |    9|          2|   16|         32|
    |p_Val2_2_reg_67            |    9|          2|   16|         32|
    |p_z_assign_3_reg_79        |    9|          2|    2|          4|
    |p_z_assign_4_reg_115       |    9|          2|    2|          4|
    |p_z_assign_reg_56          |    9|          2|    2|          4|
    +---------------------------+-----+-----------+-----+-----------+
    |Total                      |  271|         61|   87|        232|
    +---------------------------+-----+-----------+-----+-----------+

    * Register: 
    +------------------------------------+----+----+-----+-----------+
    |                Name                | FF | LUT| Bits| Const Bits|
    +------------------------------------+----+----+-----+-----------+
    |ap_CS_fsm                           |  43|   0|   43|          0|
    |ap_return_0_preg                    |  16|   0|   16|          0|
    |ap_return_1_preg                    |  16|   0|   16|          0|
    |classifier_y_hat_dat_1_reg_103      |  16|   0|   16|          0|
    |classifier_y_hat_dat_reg_91         |  16|   0|   16|          0|
    |filter_1_reg_314                    |   2|   0|    2|          0|
    |filter_2_reg_332                    |   2|   0|    2|          0|
    |grp_exp_16_8_s_fu_126_ap_start_reg  |   1|   0|    1|          0|
    |in_V_1_reg_343                      |  16|   0|   16|          0|
    |p_Val2_1_reg_46                     |  16|   0|   16|          0|
    |p_Val2_2_reg_67                     |  16|   0|   16|          0|
    |p_z_assign_3_reg_79                 |   2|   0|    2|          0|
    |p_z_assign_4_reg_115                |   2|   0|    2|          0|
    |p_z_assign_reg_56                   |   2|   0|    2|          0|
    |tmp_105_tr_cast_reg_319             |  24|   0|   24|          0|
    |tmp_4_reg_337                       |   1|   0|    1|          0|
    +------------------------------------+----+----+-----+-----------+
    |Total                               | 191|   0|  191|          0|
    +------------------------------------+----+----+-----+-----------+



================================================================
== Interface
================================================================
* Summary: 
+--------------------------------------+-----+-----+------------+--------------------------------------+--------------+
|               RTL Ports              | Dir | Bits|  Protocol  |             Source Object            |    C Type    |
+--------------------------------------+-----+-----+------------+--------------------------------------+--------------+
|ap_clk                                |  in |    1| ap_ctrl_hs |                softmax               | return value |
|ap_rst                                |  in |    1| ap_ctrl_hs |                softmax               | return value |
|ap_start                              |  in |    1| ap_ctrl_hs |                softmax               | return value |
|ap_done                               | out |    1| ap_ctrl_hs |                softmax               | return value |
|ap_idle                               | out |    1| ap_ctrl_hs |                softmax               | return value |
|ap_ready                              | out |    1| ap_ctrl_hs |                softmax               | return value |
|ap_return_0                           | out |   16| ap_ctrl_hs |                softmax               | return value |
|ap_return_1                           | out |   16| ap_ctrl_hs |                softmax               | return value |
|classifier_1_1_2_input_data_0_V_read  |  in |   16|   ap_none  | classifier_1_1_2_input_data_0_V_read |    scalar    |
|classifier_1_1_2_input_data_1_V_read  |  in |   16|   ap_none  | classifier_1_1_2_input_data_1_V_read |    scalar    |
+--------------------------------------+-----+-----+------------+--------------------------------------+--------------+

